<?xml version="1.0" encoding="UTF-8"?>
<testng-results ignored="0" total="1" passed="1" failed="0" skipped="0">
  <reporter-output>
  </reporter-output>
  <suite started-at="2023-01-19T10:08:44 IST" name="Default suite" finished-at="2023-01-19T10:08:46 IST" duration-ms="1681">
    <groups>
    </groups>
    <test started-at="2023-01-19T10:08:44 IST" name="Default test" finished-at="2023-01-19T10:08:46 IST" duration-ms="1681">
      <class name="test.Browserstack">
        <test-method is-config="true" signature="setup()[pri:0, instance:test.Browserstack@59309333]" started-at="2023-01-19T10:08:44 IST" name="setup" finished-at="2023-01-19T10:08:46 IST" duration-ms="1595" status="PASS">
          <reporter-output>
          </reporter-output>
        </test-method> <!-- setup -->
        <test-method signature="Firsttest()[pri:0, instance:test.Browserstack@59309333]" started-at="2023-01-19T10:08:46 IST" name="Firsttest" finished-at="2023-01-19T10:08:46 IST" duration-ms="5" status="PASS">
          <reporter-output>
          </reporter-output>
        </test-method> <!-- Firsttest -->
        <test-method is-config="true" signature="tearDown()[pri:0, instance:test.Browserstack@59309333]" started-at="2023-01-19T10:08:46 IST" name="tearDown" finished-at="2023-01-19T10:08:46 IST" duration-ms="0" status="PASS">
          <reporter-output>
          </reporter-output>
        </test-method> <!-- tearDown -->
      </class> <!-- test.Browserstack -->
    </test> <!-- Default test -->
  </suite> <!-- Default suite -->
</testng-results>
